{"/Users/AshleyLin1/rithm/exercises/2023-5-10-express-shopping-list/app.js": {"path":"/Users/AshleyLin1/rithm/exercises/2023-5-10-express-shopping-list/app.js","statementMap":{"0":{"start":{"line":3,"column":16},"end":{"line":3,"column":34}},"1":{"start":{"line":4,"column":12},"end":{"line":4,"column":21}},"2":{"start":{"line":5,"column":19},"end":{"line":5,"column":42}},"3":{"start":{"line":7,"column":26},"end":{"line":7,"column":51}},"4":{"start":{"line":9,"column":0},"end":{"line":9,"column":24}},"5":{"start":{"line":10,"column":0},"end":{"line":10,"column":30}},"6":{"start":{"line":13,"column":0},"end":{"line":13,"column":30}},"7":{"start":{"line":15,"column":0},"end":{"line":17,"column":3}},"8":{"start":{"line":16,"column":2},"end":{"line":16,"column":28}},"9":{"start":{"line":19,"column":0},"end":{"line":24,"column":3}},"10":{"start":{"line":20,"column":17},"end":{"line":20,"column":34}},"11":{"start":{"line":21,"column":18},"end":{"line":21,"column":29}},"12":{"start":{"line":22,"column":2},"end":{"line":22,"column":72}},"13":{"start":{"line":22,"column":39},"end":{"line":22,"column":72}},"14":{"start":{"line":23,"column":2},"end":{"line":23,"column":65}},"15":{"start":{"line":26,"column":0},"end":{"line":26,"column":21}}},"fnMap":{"0":{"name":"(anonymous_0)","decl":{"start":{"line":15,"column":8},"end":{"line":15,"column":9}},"loc":{"start":{"line":15,"column":28},"end":{"line":17,"column":1}},"line":15},"1":{"name":"(anonymous_1)","decl":{"start":{"line":19,"column":8},"end":{"line":19,"column":9}},"loc":{"start":{"line":19,"column":39},"end":{"line":24,"column":1}},"line":19}},"branchMap":{"0":{"loc":{"start":{"line":20,"column":17},"end":{"line":20,"column":34}},"type":"binary-expr","locations":[{"start":{"line":20,"column":17},"end":{"line":20,"column":27}},{"start":{"line":20,"column":31},"end":{"line":20,"column":34}}],"line":20},"1":{"loc":{"start":{"line":22,"column":2},"end":{"line":22,"column":72}},"type":"if","locations":[{"start":{"line":22,"column":2},"end":{"line":22,"column":72}},{"start":{},"end":{}}],"line":22}},"s":{"0":1,"1":1,"2":1,"3":1,"4":1,"5":1,"6":1,"7":1,"8":0,"9":1,"10":5,"11":5,"12":5,"13":0,"14":5,"15":1},"f":{"0":0,"1":5},"b":{"0":[5,0],"1":[0,5]},"_coverageSchema":"1a1c01bbd47fc00a2c39e90264f33305004495a9","hash":"b37820d5e104e4be402c8857d3faeabb0503dc39"}
,"/Users/AshleyLin1/rithm/exercises/2023-5-10-express-shopping-list/expressError.js": {"path":"/Users/AshleyLin1/rithm/exercises/2023-5-10-express-shopping-list/expressError.js","statementMap":{"0":{"start":{"line":11,"column":4},"end":{"line":11,"column":12}},"1":{"start":{"line":12,"column":4},"end":{"line":12,"column":27}},"2":{"start":{"line":13,"column":4},"end":{"line":13,"column":25}},"3":{"start":{"line":21,"column":4},"end":{"line":21,"column":24}},"4":{"start":{"line":29,"column":4},"end":{"line":29,"column":24}},"5":{"start":{"line":37,"column":4},"end":{"line":37,"column":24}},"6":{"start":{"line":45,"column":4},"end":{"line":45,"column":24}},"7":{"start":{"line":49,"column":0},"end":{"line":55,"column":2}}},"fnMap":{"0":{"name":"(anonymous_0)","decl":{"start":{"line":10,"column":2},"end":{"line":10,"column":3}},"loc":{"start":{"line":10,"column":31},"end":{"line":14,"column":3}},"line":10},"1":{"name":"(anonymous_1)","decl":{"start":{"line":20,"column":2},"end":{"line":20,"column":3}},"loc":{"start":{"line":20,"column":37},"end":{"line":22,"column":3}},"line":20},"2":{"name":"(anonymous_2)","decl":{"start":{"line":28,"column":2},"end":{"line":28,"column":3}},"loc":{"start":{"line":28,"column":40},"end":{"line":30,"column":3}},"line":28},"3":{"name":"(anonymous_3)","decl":{"start":{"line":36,"column":2},"end":{"line":36,"column":3}},"loc":{"start":{"line":36,"column":39},"end":{"line":38,"column":3}},"line":36},"4":{"name":"(anonymous_4)","decl":{"start":{"line":44,"column":2},"end":{"line":44,"column":3}},"loc":{"start":{"line":44,"column":39},"end":{"line":46,"column":3}},"line":44}},"branchMap":{"0":{"loc":{"start":{"line":20,"column":14},"end":{"line":20,"column":35}},"type":"default-arg","locations":[{"start":{"line":20,"column":24},"end":{"line":20,"column":35}}],"line":20},"1":{"loc":{"start":{"line":28,"column":14},"end":{"line":28,"column":38}},"type":"default-arg","locations":[{"start":{"line":28,"column":24},"end":{"line":28,"column":38}}],"line":28},"2":{"loc":{"start":{"line":36,"column":14},"end":{"line":36,"column":37}},"type":"default-arg","locations":[{"start":{"line":36,"column":24},"end":{"line":36,"column":37}}],"line":36},"3":{"loc":{"start":{"line":44,"column":14},"end":{"line":44,"column":37}},"type":"default-arg","locations":[{"start":{"line":44,"column":24},"end":{"line":44,"column":37}}],"line":44}},"s":{"0":5,"1":5,"2":5,"3":3,"4":0,"5":2,"6":0,"7":1},"f":{"0":5,"1":3,"2":0,"3":2,"4":0},"b":{"0":[3],"1":[0],"2":[2],"3":[0]},"_coverageSchema":"1a1c01bbd47fc00a2c39e90264f33305004495a9","hash":"cdc6f2a6e7039bad56ee6af842fb26f2b8fae513"}
,"/Users/AshleyLin1/rithm/exercises/2023-5-10-express-shopping-list/fakeDb.js": {"path":"/Users/AshleyLin1/rithm/exercises/2023-5-10-express-shopping-list/fakeDb.js","statementMap":{"0":{"start":{"line":1,"column":14},"end":{"line":1,"column":16}},"1":{"start":{"line":3,"column":0},"end":{"line":3,"column":27}}},"fnMap":{},"branchMap":{},"s":{"0":1,"1":1},"f":{},"b":{},"_coverageSchema":"1a1c01bbd47fc00a2c39e90264f33305004495a9","hash":"e8baf1da80a601a11fd8f3761452e869253397a1"}
,"/Users/AshleyLin1/rithm/exercises/2023-5-10-express-shopping-list/itemRoutes.js": {"path":"/Users/AshleyLin1/rithm/exercises/2023-5-10-express-shopping-list/itemRoutes.js","statementMap":{"0":{"start":{"line":3,"column":16},"end":{"line":3,"column":34}},"1":{"start":{"line":5,"column":11},"end":{"line":5,"column":30}},"2":{"start":{"line":10,"column":22},"end":{"line":10,"column":47}},"3":{"start":{"line":12,"column":15},"end":{"line":12,"column":35}},"4":{"start":{"line":17,"column":2},"end":{"line":20,"column":3}},"5":{"start":{"line":19,"column":4},"end":{"line":19,"column":32}},"6":{"start":{"line":24,"column":0},"end":{"line":26,"column":3}},"7":{"start":{"line":25,"column":2},"end":{"line":25,"column":39}},"8":{"start":{"line":29,"column":0},"end":{"line":36,"column":3}},"9":{"start":{"line":30,"column":2},"end":{"line":30,"column":58}},"10":{"start":{"line":30,"column":30},"end":{"line":30,"column":58}},"11":{"start":{"line":32,"column":2},"end":{"line":32,"column":27}},"12":{"start":{"line":34,"column":2},"end":{"line":34,"column":26}},"13":{"start":{"line":35,"column":2},"end":{"line":35,"column":51}},"14":{"start":{"line":39,"column":0},"end":{"line":46,"column":3}},"15":{"start":{"line":40,"column":2},"end":{"line":44,"column":3}},"16":{"start":{"line":40,"column":15},"end":{"line":40,"column":16}},"17":{"start":{"line":41,"column":4},"end":{"line":43,"column":5}},"18":{"start":{"line":42,"column":6},"end":{"line":42,"column":35}},"19":{"start":{"line":45,"column":2},"end":{"line":45,"column":28}},"20":{"start":{"line":49,"column":0},"end":{"line":60,"column":3}},"21":{"start":{"line":50,"column":2},"end":{"line":50,"column":58}},"22":{"start":{"line":50,"column":30},"end":{"line":50,"column":58}},"23":{"start":{"line":52,"column":2},"end":{"line":58,"column":3}},"24":{"start":{"line":52,"column":15},"end":{"line":52,"column":16}},"25":{"start":{"line":53,"column":4},"end":{"line":57,"column":5}},"26":{"start":{"line":54,"column":6},"end":{"line":54,"column":59}},"27":{"start":{"line":55,"column":6},"end":{"line":55,"column":62}},"28":{"start":{"line":56,"column":6},"end":{"line":56,"column":48}},"29":{"start":{"line":59,"column":2},"end":{"line":59,"column":28}},"30":{"start":{"line":63,"column":0},"end":{"line":71,"column":3}},"31":{"start":{"line":64,"column":2},"end":{"line":69,"column":3}},"32":{"start":{"line":64,"column":15},"end":{"line":64,"column":16}},"33":{"start":{"line":65,"column":4},"end":{"line":68,"column":5}},"34":{"start":{"line":66,"column":6},"end":{"line":66,"column":28}},"35":{"start":{"line":67,"column":6},"end":{"line":67,"column":46}},"36":{"start":{"line":70,"column":2},"end":{"line":70,"column":28}},"37":{"start":{"line":73,"column":0},"end":{"line":73,"column":24}}},"fnMap":{"0":{"name":"checkValidItem","decl":{"start":{"line":16,"column":9},"end":{"line":16,"column":23}},"loc":{"start":{"line":16,"column":30},"end":{"line":21,"column":1}},"line":16},"1":{"name":"(anonymous_1)","decl":{"start":{"line":24,"column":16},"end":{"line":24,"column":17}},"loc":{"start":{"line":24,"column":36},"end":{"line":26,"column":1}},"line":24},"2":{"name":"(anonymous_2)","decl":{"start":{"line":29,"column":17},"end":{"line":29,"column":18}},"loc":{"start":{"line":29,"column":37},"end":{"line":36,"column":1}},"line":29},"3":{"name":"(anonymous_3)","decl":{"start":{"line":39,"column":21},"end":{"line":39,"column":22}},"loc":{"start":{"line":39,"column":41},"end":{"line":46,"column":1}},"line":39},"4":{"name":"(anonymous_4)","decl":{"start":{"line":49,"column":23},"end":{"line":49,"column":24}},"loc":{"start":{"line":49,"column":43},"end":{"line":60,"column":1}},"line":49},"5":{"name":"(anonymous_5)","decl":{"start":{"line":63,"column":24},"end":{"line":63,"column":25}},"loc":{"start":{"line":63,"column":44},"end":{"line":71,"column":1}},"line":63}},"branchMap":{"0":{"loc":{"start":{"line":17,"column":2},"end":{"line":20,"column":3}},"type":"if","locations":[{"start":{"line":17,"column":2},"end":{"line":20,"column":3}},{"start":{},"end":{}}],"line":17},"1":{"loc":{"start":{"line":17,"column":6},"end":{"line":18,"column":52}},"type":"binary-expr","locations":[{"start":{"line":17,"column":6},"end":{"line":17,"column":16}},{"start":{"line":17,"column":20},"end":{"line":17,"column":52}},{"start":{"line":18,"column":4},"end":{"line":18,"column":15}},{"start":{"line":18,"column":19},"end":{"line":18,"column":52}}],"line":17},"2":{"loc":{"start":{"line":30,"column":2},"end":{"line":30,"column":58}},"type":"if","locations":[{"start":{"line":30,"column":2},"end":{"line":30,"column":58}},{"start":{},"end":{}}],"line":30},"3":{"loc":{"start":{"line":41,"column":4},"end":{"line":43,"column":5}},"type":"if","locations":[{"start":{"line":41,"column":4},"end":{"line":43,"column":5}},{"start":{},"end":{}}],"line":41},"4":{"loc":{"start":{"line":50,"column":2},"end":{"line":50,"column":58}},"type":"if","locations":[{"start":{"line":50,"column":2},"end":{"line":50,"column":58}},{"start":{},"end":{}}],"line":50},"5":{"loc":{"start":{"line":53,"column":4},"end":{"line":57,"column":5}},"type":"if","locations":[{"start":{"line":53,"column":4},"end":{"line":57,"column":5}},{"start":{},"end":{}}],"line":53},"6":{"loc":{"start":{"line":54,"column":25},"end":{"line":54,"column":58}},"type":"binary-expr","locations":[{"start":{"line":54,"column":25},"end":{"line":54,"column":38}},{"start":{"line":54,"column":42},"end":{"line":54,"column":58}}],"line":54},"7":{"loc":{"start":{"line":55,"column":26},"end":{"line":55,"column":61}},"type":"binary-expr","locations":[{"start":{"line":55,"column":26},"end":{"line":55,"column":40}},{"start":{"line":55,"column":44},"end":{"line":55,"column":61}}],"line":55},"8":{"loc":{"start":{"line":65,"column":4},"end":{"line":68,"column":5}},"type":"if","locations":[{"start":{"line":65,"column":4},"end":{"line":68,"column":5}},{"start":{},"end":{}}],"line":65}},"s":{"0":1,"1":1,"2":1,"3":1,"4":3,"5":1,"6":1,"7":1,"8":1,"9":4,"10":1,"11":3,"12":2,"13":2,"14":1,"15":2,"16":2,"17":2,"18":1,"19":1,"20":1,"21":3,"22":0,"23":3,"24":3,"25":3,"26":2,"27":2,"28":2,"29":1,"30":1,"31":2,"32":2,"33":2,"34":1,"35":1,"36":1,"37":1},"f":{"0":3,"1":1,"2":4,"3":2,"4":3,"5":2},"b":{"0":[1,2],"1":[3,2,2,2],"2":[1,3],"3":[1,1],"4":[0,3],"5":[2,1],"6":[2,0],"7":[2,1],"8":[1,1]},"_coverageSchema":"1a1c01bbd47fc00a2c39e90264f33305004495a9","hash":"025d7ce6ddc2d0c96cf388a85749098c0639835f"}
}
