TN:
SF:app.js
FN:15,(anonymous_0)
FN:19,(anonymous_1)
FNF:2
FNH:1
FNDA:0,(anonymous_0)
FNDA:5,(anonymous_1)
DA:3,1
DA:4,1
DA:5,1
DA:7,1
DA:9,1
DA:10,1
DA:13,1
DA:15,1
DA:16,0
DA:19,1
DA:20,5
DA:21,5
DA:22,5
DA:23,5
DA:26,1
LF:15
LH:14
BRDA:20,0,0,5
BRDA:20,0,1,0
BRDA:22,1,0,0
BRDA:22,1,1,5
BRF:4
BRH:2
end_of_record
TN:
SF:expressError.js
FN:10,(anonymous_0)
FN:20,(anonymous_1)
FN:28,(anonymous_2)
FN:36,(anonymous_3)
FN:44,(anonymous_4)
FNF:5
FNH:3
FNDA:5,(anonymous_0)
FNDA:3,(anonymous_1)
FNDA:0,(anonymous_2)
FNDA:2,(anonymous_3)
FNDA:0,(anonymous_4)
DA:11,5
DA:12,5
DA:13,5
DA:21,3
DA:29,0
DA:37,2
DA:45,0
DA:49,1
LF:8
LH:6
BRDA:20,0,0,3
BRDA:28,1,0,0
BRDA:36,2,0,2
BRDA:44,3,0,0
BRF:4
BRH:2
end_of_record
TN:
SF:fakeDb.js
FNF:0
FNH:0
DA:1,1
DA:3,1
LF:2
LH:2
BRF:0
BRH:0
end_of_record
TN:
SF:itemRoutes.js
FN:16,checkValidItem
FN:24,(anonymous_1)
FN:29,(anonymous_2)
FN:39,(anonymous_3)
FN:49,(anonymous_4)
FN:63,(anonymous_5)
FNF:6
FNH:6
FNDA:3,checkValidItem
FNDA:1,(anonymous_1)
FNDA:4,(anonymous_2)
FNDA:2,(anonymous_3)
FNDA:3,(anonymous_4)
FNDA:2,(anonymous_5)
DA:3,1
DA:5,1
DA:10,1
DA:12,1
DA:17,3
DA:19,1
DA:24,1
DA:25,1
DA:29,1
DA:30,4
DA:32,3
DA:34,2
DA:35,2
DA:39,1
DA:40,2
DA:41,2
DA:42,1
DA:45,1
DA:49,1
DA:50,3
DA:52,3
DA:53,3
DA:54,2
DA:55,2
DA:56,2
DA:59,1
DA:63,1
DA:64,2
DA:65,2
DA:66,1
DA:67,1
DA:70,1
DA:73,1
LF:33
LH:33
BRDA:17,0,0,1
BRDA:17,0,1,2
BRDA:17,1,0,3
BRDA:17,1,1,2
BRDA:17,1,2,2
BRDA:17,1,3,2
BRDA:30,2,0,1
BRDA:30,2,1,3
BRDA:41,3,0,1
BRDA:41,3,1,1
BRDA:50,4,0,0
BRDA:50,4,1,3
BRDA:53,5,0,2
BRDA:53,5,1,1
BRDA:54,6,0,2
BRDA:54,6,1,0
BRDA:55,7,0,2
BRDA:55,7,1,1
BRDA:65,8,0,1
BRDA:65,8,1,1
BRF:20
BRH:18
end_of_record
